<?xml version="1.0" encoding="UTF-8"?>
<!-- Generated by org.testng.reporters.JUnitReportReporter -->
<testsuite skipped="0" hostname="DELL" name="cts.miniproject.test.DdExcelWordpressLogin" tests="3" failures="0" timestamp="2020-03-30T10:12:17 IST" time="58.687" errors="0">
  <testcase name="loginToWordpress" time="21.900" classname="cts.miniproject.test.DdExcelWordpressLogin"/>
  <system-out/>
  <testcase name="loginToWordpress" time="21.831" classname="cts.miniproject.test.DdExcelWordpressLogin"/>
  <system-out/>
  <testcase name="loginToWordpress" time="14.956" classname="cts.miniproject.test.DdExcelWordpressLogin"/>
  <system-out/>
</testsuite> <!-- cts.miniproject.test.DdExcelWordpressLogin -->
